Build started 11/11/2014 12:57:24 AM.
     1>Project "C:\Users\Carrie\Documents\Visual Studio 2012\Projects\roversDomain\roversDomain\roversDomain.vcxproj" on node 2 (Build target(s)).
     1>ClCompile:
         C:\Program Files (x86)\Microsoft Visual Studio 11.0\VC\bin\CL.exe /c /Zi /nologo /W3 /WX- /sdl /O2 /Oi /Oy- /GL /D WIN32 /D NDEBUG /D _CONSOLE /D _UNICODE /D UNICODE /Gm- /EHsc /MD /GS /Gy /fp:precise /Zc:wchar_t /Zc:forScope /openmp /Fo"Release\\" /Fd"Release\vc110.pdb" /Gd /TP /analyze- /errorReport:prompt Classes\PredatorPreyDomain\PredatorPreyDomain.cpp
         PredatorPreyDomain.cpp
     1>Classes\PredatorPreyDomain\PredatorPreyDomain.cpp(5): warning C4018: '<' : signed/unsigned mismatch
     1>Classes\PredatorPreyDomain\PredatorPreyDomain.cpp(14): warning C4018: '<' : signed/unsigned mismatch
     1>Classes\PredatorPreyDomain\PredatorPreyDomain.cpp(15): warning C4018: '<' : signed/unsigned mismatch
     1>Classes\PredatorPreyDomain\PredatorPreyDomain.cpp(26): warning C4018: '<' : signed/unsigned mismatch
     1>Classes\PredatorPreyDomain\PredatorPreyDomain.cpp(27): warning C4018: '<' : signed/unsigned mismatch
     1>Classes\PredatorPreyDomain\PredatorPreyDomain.cpp(42): warning C4018: '<' : signed/unsigned mismatch
     1>Classes\PredatorPreyDomain\PredatorPreyDomain.cpp(51): warning C4018: '<' : signed/unsigned mismatch
     1>Classes\PredatorPreyDomain\PredatorPreyDomain.cpp(67): warning C4018: '<' : signed/unsigned mismatch
     1>Classes\PredatorPreyDomain\PredatorPreyDomain.cpp(72): warning C4018: '<' : signed/unsigned mismatch
     1>Classes\PredatorPreyDomain\PredatorPreyDomain.cpp(78): warning C4018: '<' : signed/unsigned mismatch
     1>Classes\PredatorPreyDomain\PredatorPreyDomain.cpp(82): warning C4018: '<' : signed/unsigned mismatch
     1>Classes\PredatorPreyDomain\PredatorPreyDomain.cpp(98): warning C4018: '<' : signed/unsigned mismatch
     1>Classes\PredatorPreyDomain\PredatorPreyDomain.cpp(106): warning C4018: '<' : signed/unsigned mismatch
     1>Classes\PredatorPreyDomain\PredatorPreyDomain.cpp(113): warning C4018: '<' : signed/unsigned mismatch
     1>Classes\PredatorPreyDomain\PredatorPreyDomain.cpp(114): warning C4018: '<' : signed/unsigned mismatch
     1>Classes\PredatorPreyDomain\PredatorPreyDomain.cpp(147): warning C4018: '<' : signed/unsigned mismatch
     1>Classes\PredatorPreyDomain\PredatorPreyDomain.cpp(153): warning C4018: '<' : signed/unsigned mismatch
     1>Classes\PredatorPreyDomain\PredatorPreyDomain.cpp(194): warning C4018: '<' : signed/unsigned mismatch
     1>Classes\PredatorPreyDomain\PredatorPreyDomain.cpp(200): warning C4018: '<' : signed/unsigned mismatch
     1>Classes\PredatorPreyDomain\PredatorPreyDomain.cpp(216): warning C4018: '<' : signed/unsigned mismatch
     1>Classes\PredatorPreyDomain\PredatorPreyDomain.cpp(228): warning C4018: '<' : signed/unsigned mismatch
     1>Classes\PredatorPreyDomain\PredatorPreyDomain.cpp(259): warning C4018: '<' : signed/unsigned mismatch
     1>Classes\PredatorPreyDomain\PredatorPreyDomain.cpp(260): warning C4018: '<' : signed/unsigned mismatch
     1>Classes\PredatorPreyDomain\PredatorPreyDomain.cpp(282): warning C4018: '<' : signed/unsigned mismatch
     1>Classes\PredatorPreyDomain\PredatorPreyDomain.cpp(284): warning C4018: '<' : signed/unsigned mismatch
     1>Classes\PredatorPreyDomain\PredatorPreyDomain.cpp(290): warning C4018: '<' : signed/unsigned mismatch
     1>Classes\PredatorPreyDomain\PredatorPreyDomain.cpp(294): warning C4018: '<' : signed/unsigned mismatch
     1>Classes\PredatorPreyDomain\PredatorPreyDomain.cpp(317): warning C4018: '<' : signed/unsigned mismatch
     1>Classes\PredatorPreyDomain\PredatorPreyDomain.cpp(318): warning C4018: '<' : signed/unsigned mismatch
     1>Classes\PredatorPreyDomain\PredatorPreyDomain.cpp(322): warning C4018: '<' : signed/unsigned mismatch
     1>Classes\PredatorPreyDomain\PredatorPreyDomain.cpp(331): warning C4018: '<' : signed/unsigned mismatch
     1>Classes\PredatorPreyDomain\PredatorPreyDomain.cpp(340): warning C4018: '<' : signed/unsigned mismatch
     1>Classes\PredatorPreyDomain\PredatorPreyDomain.cpp(341): warning C4018: '<' : signed/unsigned mismatch
     1>Classes\PredatorPreyDomain\PredatorPreyDomain.cpp(358): warning C4018: '<' : signed/unsigned mismatch
     1>Classes\PredatorPreyDomain\PredatorPreyDomain.cpp(363): warning C4018: '<' : signed/unsigned mismatch
     1>Classes\PredatorPreyDomain\PredatorPreyDomain.cpp(380): warning C4018: '<' : signed/unsigned mismatch
     1>Classes\PredatorPreyDomain\PredatorPreyDomain.cpp(389): warning C4018: '<' : signed/unsigned mismatch
     1>Classes\PredatorPreyDomain\PredatorPreyDomain.cpp(404): warning C4018: '<' : signed/unsigned mismatch
     1>Classes\PredatorPreyDomain\PredatorPreyDomain.cpp(407): warning C4018: '<' : signed/unsigned mismatch
     1>Classes\PredatorPreyDomain\PredatorPreyDomain.cpp(428): warning C4018: '<' : signed/unsigned mismatch
     1>Classes\PredatorPreyDomain\PredatorPreyDomain.cpp(432): warning C4018: '<' : signed/unsigned mismatch
     1>Classes\PredatorPreyDomain\PredatorPreyDomain.cpp(455): warning C4018: '<' : signed/unsigned mismatch
     1>Classes\PredatorPreyDomain\PredatorPreyDomain.cpp(473): warning C4018: '<' : signed/unsigned mismatch
     1>Classes\PredatorPreyDomain\PredatorPreyDomain.cpp(625): warning C4018: '<' : signed/unsigned mismatch
     1>Classes\PredatorPreyDomain\PredatorPreyDomain.cpp(632): warning C4018: '<' : signed/unsigned mismatch
     1>Classes\PredatorPreyDomain\PredatorPreyDomain.cpp(640): warning C4018: '<' : signed/unsigned mismatch
     1>Classes\PredatorPreyDomain\PredatorPreyDomain.cpp(641): warning C4018: '<' : signed/unsigned mismatch
     1>Classes\PredatorPreyDomain\PredatorPreyDomain.cpp(655): warning C4018: '<' : signed/unsigned mismatch
     1>Classes\PredatorPreyDomain\PredatorPreyDomain.cpp(663): warning C4018: '<' : signed/unsigned mismatch
     1>Classes\PredatorPreyDomain\PredatorPreyDomain.cpp(664): warning C4018: '<' : signed/unsigned mismatch
     1>Classes\PredatorPreyDomain\PredatorPreyDomain.cpp(679): warning C4018: '<' : signed/unsigned mismatch
     1>Classes\PredatorPreyDomain\PredatorPreyDomain.cpp(689): warning C4018: '<' : signed/unsigned mismatch
     1>Classes\PredatorPreyDomain\PredatorPreyDomain.cpp(697): warning C4018: '<' : signed/unsigned mismatch
     1>Classes\PredatorPreyDomain\PredatorPreyDomain.cpp(719): warning C4018: '<' : signed/unsigned mismatch
     1>Classes\PredatorPreyDomain\PredatorPreyDomain.cpp(725): warning C4018: '<' : signed/unsigned mismatch
     1>Classes\PredatorPreyDomain\PredatorPreyDomain.cpp(733): warning C4018: '<' : signed/unsigned mismatch
     1>Classes\PredatorPreyDomain\PredatorPreyDomain.cpp(743): warning C4018: '<' : signed/unsigned mismatch
     1>Classes\PredatorPreyDomain\PredatorPreyDomain.cpp(749): warning C4018: '<' : signed/unsigned mismatch
     1>Classes\PredatorPreyDomain\PredatorPreyDomain.cpp(770): warning C4018: '<' : signed/unsigned mismatch
     1>Classes\PredatorPreyDomain\PredatorPreyDomain.cpp(779): warning C4018: '<' : signed/unsigned mismatch
     1>C:\Program Files (x86)\Microsoft Visual Studio 11.0\VC\include\utility(138): warning C4244: 'initializing' : conversion from 'double' to 'int', possible loss of data
                 Classes\PredatorPreyDomain\PredatorPreyDomain.cpp(374) : see reference to function template instantiation 'std::pair<_Ty1,_Ty2>::pair<double,double&>(_Other1 &&,_Other2,void **)' being compiled
                 with
                 [
                     _Ty1=int,
                     _Ty2=int,
                     _Other1=double,
                     _Other2=double &
                 ]
                 Classes\PredatorPreyDomain\PredatorPreyDomain.cpp(374) : see reference to function template instantiation 'std::pair<_Ty1,_Ty2>::pair<double,double&>(_Other1 &&,_Other2,void **)' being compiled
                 with
                 [
                     _Ty1=int,
                     _Ty2=int,
                     _Other1=double,
                     _Other2=double &
                 ]
       Link:
         C:\Program Files (x86)\Microsoft Visual Studio 11.0\VC\bin\link.exe /ERRORREPORT:PROMPT /OUT:"C:\Users\Carrie\Documents\Visual Studio 2012\Projects\roversDomain\Release\roversDomain.exe" /INCREMENTAL:NO /NOLOGO kernel32.lib user32.lib gdi32.lib winspool.lib comdlg32.lib advapi32.lib shell32.lib ole32.lib oleaut32.lib uuid.lib odbc32.lib odbccp32.lib /MANIFEST /MANIFESTUAC:"level='asInvoker' uiAccess='false'" /manifest:embed /DEBUG /PDB:"C:\Users\Carrie\Documents\Visual Studio 2012\Projects\roversDomain\Release\roversDomain.pdb" /SUBSYSTEM:CONSOLE /OPT:REF /OPT:ICF /LTCG /TLBID:1 /DYNAMICBASE /NXCOMPAT /IMPLIB:"C:\Users\Carrie\Documents\Visual Studio 2012\Projects\roversDomain\Release\roversDomain.lib" /MACHINE:X86 /SAFESEH Release\easyio.obj
         Release\EnvironmentBounds.obj
         Release\GridWorld.obj
         Release\NeuralNet.obj
         Release\NeuroEvo.obj
         Release\PredatorPreyDomain.obj
         Release\Rover.obj
         Release\State.obj
         Release\roversDomain.obj
         Release\stdafx.obj
         Generating code
         Finished generating code
         roversDomain.vcxproj -> C:\Users\Carrie\Documents\Visual Studio 2012\Projects\roversDomain\Release\roversDomain.exe
     1>Done Building Project "C:\Users\Carrie\Documents\Visual Studio 2012\Projects\roversDomain\roversDomain\roversDomain.vcxproj" (Build target(s)).

Build succeeded.

Time Elapsed 00:00:03.76
