C:\USERS\CARRIE\DOCUMENTS\VISUAL STUDIO 2012\PROJECTS\ROVERSDOMAIN\ROVERSDOMAIN\RELEASE\ROVERSDOMAIN.PCH
C:\USERS\CARRIE\DOCUMENTS\VISUAL STUDIO 2012\PROJECTS\ROVERSDOMAIN\ROVERSDOMAIN\RELEASE\STDAFX.OBJ
C:\USERS\CARRIE\DOCUMENTS\VISUAL STUDIO 2012\PROJECTS\ROVERSDOMAIN\ROVERSDOMAIN\RELEASE\VC110.PDB
C:\USERS\CARRIE\DOCUMENTS\VISUAL STUDIO 2012\PROJECTS\ROVERSDOMAIN\ROVERSDOMAIN\RELEASE\ROVERSDOMAIN.OBJ
C:\USERS\CARRIE\DOCUMENTS\VISUAL STUDIO 2012\PROJECTS\ROVERSDOMAIN\ROVERSDOMAIN\RELEASE\STATE.OBJ
C:\USERS\CARRIE\DOCUMENTS\VISUAL STUDIO 2012\PROJECTS\ROVERSDOMAIN\ROVERSDOMAIN\RELEASE\ROVER.OBJ
C:\USERS\CARRIE\DOCUMENTS\VISUAL STUDIO 2012\PROJECTS\ROVERSDOMAIN\ROVERSDOMAIN\RELEASE\PREDATORPREYDOMAIN.OBJ
C:\USERS\CARRIE\DOCUMENTS\VISUAL STUDIO 2012\PROJECTS\ROVERSDOMAIN\ROVERSDOMAIN\RELEASE\NEUROEVO.OBJ
C:\USERS\CARRIE\DOCUMENTS\VISUAL STUDIO 2012\PROJECTS\ROVERSDOMAIN\ROVERSDOMAIN\RELEASE\NEURALNET.OBJ
C:\USERS\CARRIE\DOCUMENTS\VISUAL STUDIO 2012\PROJECTS\ROVERSDOMAIN\ROVERSDOMAIN\RELEASE\GRIDWORLD.OBJ
C:\USERS\CARRIE\DOCUMENTS\VISUAL STUDIO 2012\PROJECTS\ROVERSDOMAIN\ROVERSDOMAIN\RELEASE\ENVIRONMENTBOUNDS.OBJ
C:\USERS\CARRIE\DOCUMENTS\VISUAL STUDIO 2012\PROJECTS\ROVERSDOMAIN\ROVERSDOMAIN\RELEASE\EASYIO.OBJ
C:\Users\Carrie\Documents\Visual Studio 2012\Projects\roversDomain\roversDomain\Release\easyio.obj
C:\Users\Carrie\Documents\Visual Studio 2012\Projects\roversDomain\roversDomain\Release\EnvironmentBounds.obj
C:\Users\Carrie\Documents\Visual Studio 2012\Projects\roversDomain\roversDomain\Release\GridWorld.obj
C:\Users\Carrie\Documents\Visual Studio 2012\Projects\roversDomain\roversDomain\Release\NeuralNet.obj
C:\Users\Carrie\Documents\Visual Studio 2012\Projects\roversDomain\roversDomain\Release\NeuroEvo.obj
C:\Users\Carrie\Documents\Visual Studio 2012\Projects\roversDomain\roversDomain\Release\PredatorPreyDomain.obj
C:\Users\Carrie\Documents\Visual Studio 2012\Projects\roversDomain\roversDomain\Release\Rover.obj
C:\Users\Carrie\Documents\Visual Studio 2012\Projects\roversDomain\roversDomain\Release\roversDomain.obj
C:\Users\Carrie\Documents\Visual Studio 2012\Projects\roversDomain\roversDomain\Release\State.obj
C:\Users\Carrie\Documents\Visual Studio 2012\Projects\roversDomain\roversDomain\Release\stdafx.obj
C:\Users\Carrie\Documents\Visual Studio 2012\Projects\roversDomain\roversDomain\Release\cl.command.1.tlog
C:\Users\Carrie\Documents\Visual Studio 2012\Projects\roversDomain\roversDomain\Release\CL.read.1.tlog
C:\Users\Carrie\Documents\Visual Studio 2012\Projects\roversDomain\roversDomain\Release\CL.write.1.tlog
C:\Users\Carrie\Documents\Visual Studio 2012\Projects\roversDomain\roversDomain\Release\link-cvtres.read.1.tlog
C:\Users\Carrie\Documents\Visual Studio 2012\Projects\roversDomain\roversDomain\Release\link-cvtres.write.1.tlog
C:\Users\Carrie\Documents\Visual Studio 2012\Projects\roversDomain\roversDomain\Release\link-rc.read.1.tlog
C:\Users\Carrie\Documents\Visual Studio 2012\Projects\roversDomain\roversDomain\Release\link-rc.write.1.tlog
C:\Users\Carrie\Documents\Visual Studio 2012\Projects\roversDomain\roversDomain\Release\link.command.1.tlog
C:\Users\Carrie\Documents\Visual Studio 2012\Projects\roversDomain\roversDomain\Release\link.read.1.tlog
C:\Users\Carrie\Documents\Visual Studio 2012\Projects\roversDomain\roversDomain\Release\link.write.1.tlog
C:\Users\Carrie\Documents\Visual Studio 2012\Projects\roversDomain\roversDomain\Release\roversDomain.pch
C:\Users\Carrie\Documents\Visual Studio 2012\Projects\roversDomain\roversDomain\Release\vc110.pdb
C:\Users\Carrie\Documents\Visual Studio 2012\Projects\roversDomain\Release\roversDomain.pdb
